CONFIG
├── data
│   └── _target_: src.data.l8_biome_crop_datamodule.L8BiomeCropDataModule                                                                                                                                                                                    
│       root: data/l8_biome_crop                                                                                                                                                                                                                             
│       bands:                                                                                                                                                                                                                                               
│       - B4                                                                                                                                                                                                                                                 
│       - B3                                                                                                                                                                                                                                                 
│       - B2                                                                                                                                                                                                                                                 
│       train_pipeline:                                                                                                                                                                                                                                      
│         all_transform:                                                                                                                                                                                                                                     
│           _target_: albumentations.Compose                                                                                                                                                                                                                 
│           transforms:                                                                                                                                                                                                                                      
│           - _target_: albumentations.OneOf                                                                                                                                                                                                                 
│             transforms:                                                                                                                                                                                                                                    
│             - _target_: albumentations.HorizontalFlip                                                                                                                                                                                                      
│               p: 0.5                                                                                                                                                                                                                                       
│             - _target_: albumentations.VerticalFlip                                                                                                                                                                                                        
│               p: 0.5                                                                                                                                                                                                                                       
│             - _target_: albumentations.RandomRotate90                                                                                                                                                                                                      
│               p: 0.5                                                                                                                                                                                                                                       
│             - _target_: albumentations.Transpose                                                                                                                                                                                                           
│               p: 0.5                                                                                                                                                                                                                                       
│             p: 1                                                                                                                                                                                                                                           
│         img_transform:                                                                                                                                                                                                                                     
│           _target_: albumentations.Compose                                                                                                                                                                                                                 
│           transforms:                                                                                                                                                                                                                                      
│           - _target_: albumentations.pytorch.transforms.ToTensorV2                                                                                                                                                                                         
│         ann_transform: null                                                                                                                                                                                                                                
│       val_pipeline:                                                                                                                                                                                                                                        
│         all_transform: null                                                                                                                                                                                                                                
│         img_transform:                                                                                                                                                                                                                                     
│           _target_: albumentations.Compose                                                                                                                                                                                                                 
│           transforms:                                                                                                                                                                                                                                      
│           - _target_: albumentations.pytorch.transforms.ToTensorV2                                                                                                                                                                                         
│         ann_transform: null                                                                                                                                                                                                                                
│       test_pipeline:                                                                                                                                                                                                                                       
│         all_transform: null                                                                                                                                                                                                                                
│         img_transform:                                                                                                                                                                                                                                     
│           _target_: albumentations.Compose                                                                                                                                                                                                                 
│           transforms:                                                                                                                                                                                                                                      
│           - _target_: albumentations.pytorch.transforms.ToTensorV2                                                                                                                                                                                         
│         ann_transform: null                                                                                                                                                                                                                                
│       batch_size: 4                                                                                                                                                                                                                                        
│       num_workers: 4                                                                                                                                                                                                                                       
│       pin_memory: true                                                                                                                                                                                                                                     
│       persistent_workers: false                                                                                                                                                                                                                            
│                                                                                                                                                                                                                                                            
├── model
│   └── _target_: src.models.base_module.BaseLitModule                                                                                                                                                                                                       
│       net:                                                                                                                                                                                                                                                 
│         _target_: src.models.components.sctnet.SCTNet                                                                                                                                                                                                      
│         num_classes: 4                                                                                                                                                                                                                                     
│         in_channels: 3                                                                                                                                                                                                                                     
│       criterion:                                                                                                                                                                                                                                           
│         _target_: torch.nn.CrossEntropyLoss                                                                                                                                                                                                                
│       optimizer:                                                                                                                                                                                                                                           
│         _target_: torch.optim.RMSprop                                                                                                                                                                                                                      
│         _partial_: true                                                                                                                                                                                                                                    
│         lr: 0.0001                                                                                                                                                                                                                                         
│       scheduler: null                                                                                                                                                                                                                                      
│                                                                                                                                                                                                                                                            
├── callbacks
│   └── model_checkpoint:                                                                                                                                                                                                                                    
│         _target_: lightning.pytorch.callbacks.ModelCheckpoint                                                                                                                                                                                              
│         dirpath: /data/weix/cloudseg-main/logs/l8_biome_crop/sctnet/2025-03-10_12-05-45/checkpoints                                                                                                                                                        
│         filename: step_{step}                                                                                                                                                                                                                              
│         monitor: val/loss                                                                                                                                                                                                                                  
│         verbose: false                                                                                                                                                                                                                                     
│         save_last: true                                                                                                                                                                                                                                    
│         save_top_k: 1                                                                                                                                                                                                                                      
│         mode: min                                                                                                                                                                                                                                          
│         auto_insert_metric_name: false                                                                                                                                                                                                                     
│         save_weights_only: false                                                                                                                                                                                                                           
│         every_n_train_steps: 4000                                                                                                                                                                                                                          
│         train_time_interval: null                                                                                                                                                                                                                          
│         every_n_epochs: null                                                                                                                                                                                                                               
│         save_on_train_epoch_end: null                                                                                                                                                                                                                      
│       model_summary:                                                                                                                                                                                                                                       
│         _target_: lightning.pytorch.callbacks.RichModelSummary                                                                                                                                                                                             
│         max_depth: -1                                                                                                                                                                                                                                      
│       rich_progress_bar:                                                                                                                                                                                                                                   
│         _target_: lightning.pytorch.callbacks.RichProgressBar                                                                                                                                                                                              
│                                                                                                                                                                                                                                                            
├── logger
│   └── tensorboard:                                                                                                                                                                                                                                         
│         _target_: lightning.pytorch.loggers.tensorboard.TensorBoardLogger                                                                                                                                                                                  
│         save_dir: /data/weix/cloudseg-main/logs/l8_biome_crop/sctnet/2025-03-10_12-05-45/tensorboard/                                                                                                                                                      
│         name: null                                                                                                                                                                                                                                         
│         log_graph: false                                                                                                                                                                                                                                   
│         default_hp_metric: true                                                                                                                                                                                                                            
│         prefix: ''                                                                                                                                                                                                                                         
│       wandb:                                                                                                                                                                                                                                               
│         project: l8_biome_crop                                                                                                                                                                                                                             
│         name: sctnet                                                                                                                                                                                                                                       
│                                                                                                                                                                                                                                                            
├── trainer
│   └── _target_: lightning.pytorch.trainer.Trainer                                                                                                                                                                                                          
│       default_root_dir: /data/weix/cloudseg-main/logs/l8_biome_crop/sctnet/2025-03-10_12-05-45                                                                                                                                                             
│       max_steps: 40000                                                                                                                                                                                                                                     
│       accelerator: gpu                                                                                                                                                                                                                                     
│       devices: 1                                                                                                                                                                                                                                           
│       log_every_n_steps: 4000                                                                                                                                                                                                                              
│       deterministic: false                                                                                                                                                                                                                                 
│       check_val_every_n_epoch: null                                                                                                                                                                                                                        
│                                                                                                                                                                                                                                                            
├── paths
│   └── root_dir: /data/weix/cloudseg-main                                                                                                                                                                                                                   
│       data_dir: /data/weix/cloudseg-main/data/                                                                                                                                                                                                             
│       log_dir: /data/weix/cloudseg-main/logs/                                                                                                                                                                                                              
│       output_dir: /data/weix/cloudseg-main/logs/l8_biome_crop/sctnet/2025-03-10_12-05-45                                                                                                                                                                   
│       work_dir: /data/weix/cloudseg-main                                                                                                                                                                                                                   
│                                                                                                                                                                                                                                                            
├── extras
│   └── ignore_warnings: false                                                                                                                                                                                                                               
│       enforce_tags: true                                                                                                                                                                                                                                   
│       print_config: true                                                                                                                                                                                                                                   
│                                                                                                                                                                                                                                                            
├── task_name
│   └── train                                                                                                                                                                                                                                                
├── tags
│   └── ['l8_biome_crop', 'sctnet']                                                                                                                                                                                                                          
├── train
│   └── True                                                                                                                                                                                                                                                 
├── test
│   └── True                                                                                                                                                                                                                                                 
├── ckpt_path
│   └── None                                                                                                                                                                                                                                                 
└── seed
    └── 42                                                                                                                                                                                                                                                   
